[     236ms] [LOG] [Client Instrumentation Hook] Slow execution detected: 24ms (Note: Code download overhead is not included in this measurement) @ http://localhost:3000/_next/static/chunks/0p2._%40sentry_core_build_esm_0~r-hyv._.js:10988
[     239ms] [INFO] %cDownload the React DevTools for a better development experience: https://react.dev/link/react-devtools font-weight:bold @ http://localhost:3000/_next/static/chunks/0p2._%40sentry_core_build_esm_0~r-hyv._.js:10988
[     271ms] [LOG] [HMR] connected @ http://localhost:3000/_next/static/chunks/0p2._%40sentry_core_build_esm_0~r-hyv._.js:10988
[     533ms] [LOG] %c[Vercel Web Analytics]%c Debug mode is enabled by default in development. No requests will be sent to the server. color: rgb(120, 120, 120) color: inherit @ http://localhost:3000/_next/static/chunks/0p2._%40sentry_core_build_esm_0~r-hyv._.js:10988
[     533ms] [LOG] %c[Vercel Web Analytics]%c Running queued event color: rgb(120, 120, 120) color: inherit pageview {route: /, path: /} @ http://localhost:3000/_next/static/chunks/0p2._%40sentry_core_build_esm_0~r-hyv._.js:10988
[     534ms] [LOG] %c[Vercel Web Analytics]%c [view] http://localhost:3000/ color: rgb(120, 120, 120) color: inherit {o: http://localhost:3000/, sv: 0.1.3, sdkn: @vercel/analytics/next, sdkv: 2.0.1, ts: 1780716184239} /_vercel/insights/view @ http://localhost:3000/_next/static/chunks/0p2._%40sentry_core_build_esm_0~r-hyv._.js:10988
[   27171ms] [ERROR] Failed to load resource: the server responded with a status of 500 (Internal Server Error) @ http://localhost:3000/api/chemical-structure?name=Fasoracetam&smiles=O%3DC1CC%5BC%40%40H%5D(N1)C(%3DO)N2CCCCC2:0
[   27205ms] [ERROR] Failed to load resource: the server responded with a status of 500 (Internal Server Error) @ http://localhost:3000/api/substances/fasoracetam:0
[   27244ms] [LOG] [Fast Refresh] rebuilding @ http://localhost:3000/_next/static/chunks/0p2._%40sentry_core_build_esm_0~r-hyv._.js:10988
[   27247ms] [ERROR] Failed to load resource: the server responded with a status of 500 (Internal Server Error) @ http://localhost:3000/api/substances/fasoracetam:0
[   27272ms] [LOG] [Fast Refresh] done in 131ms @ http://localhost:3000/_next/static/chunks/0p2._%40sentry_core_build_esm_0~r-hyv._.js:10988
[   34082ms] [ERROR] Failed to load resource: the server responded with a status of 403 (Forbidden) @ https://ip-api.com/json/?fields=status,countryCode,region:0
[   34094ms] [ERROR] Failed to load resource: the server responded with a status of 403 (Forbidden) @ https://ip-api.com/json/?fields=status,countryCode,region:0
[   40741ms] [ERROR] Failed to load resource: the server responded with a status of 403 (Forbidden) @ https://ip-api.com/json/?fields=status,countryCode,region:0
[   40741ms] [ERROR] Failed to load resource: the server responded with a status of 403 (Forbidden) @ https://ip-api.com/json/?fields=status,countryCode,region:0
[  131292ms] [LOG] [Fast Refresh] rebuilding @ http://localhost:3000/_next/static/chunks/0p2._%40sentry_core_build_esm_0~r-hyv._.js:10988
[  131310ms] [LOG] [Fast Refresh] done in 98ms @ http://localhost:3000/_next/static/chunks/0p2._%40sentry_core_build_esm_0~r-hyv._.js:10988
[  141943ms] [LOG] [Fast Refresh] rebuilding @ http://localhost:3000/_next/static/chunks/0p2._%40sentry_core_build_esm_0~r-hyv._.js:10988
[  141951ms] [LOG] [Fast Refresh] done in 108ms @ http://localhost:3000/_next/static/chunks/0p2._%40sentry_core_build_esm_0~r-hyv._.js:10988
[  143615ms] [LOG] [Fast Refresh] rebuilding @ http://localhost:3000/_next/static/chunks/0p2._%40sentry_core_build_esm_0~r-hyv._.js:10988
[  143636ms] [LOG] [Fast Refresh] done in 102ms @ http://localhost:3000/_next/static/chunks/0p2._%40sentry_core_build_esm_0~r-hyv._.js:10988
[  166847ms] [LOG] [Fast Refresh] rebuilding @ http://localhost:3000/_next/static/chunks/0p2._%40sentry_core_build_esm_0~r-hyv._.js:10988
[  166866ms] [LOG] [Fast Refresh] done in 99ms @ http://localhost:3000/_next/static/chunks/0p2._%40sentry_core_build_esm_0~r-hyv._.js:10988
[  184103ms] [ERROR] WebSocket connection to 'ws://localhost:3000/_next/webpack-hmr?id=s_t_7VyCTXTUHM3mItDlN' failed: Error in connection establishment: net::ERR_CONNECTION_REFUSED @ http://localhost:3000/_next/static/chunks/node_modules_next_dist_client_0.0dnbh._.js:14523
[  185104ms] [ERROR] WebSocket connection to 'ws://localhost:3000/_next/webpack-hmr?id=s_t_7VyCTXTUHM3mItDlN' failed: Error in connection establishment: net::ERR_CONNECTION_REFUSED @ http://localhost:3000/_next/static/chunks/node_modules_next_dist_client_0.0dnbh._.js:14523
[  186105ms] [ERROR] WebSocket connection to 'ws://localhost:3000/_next/webpack-hmr?id=s_t_7VyCTXTUHM3mItDlN' failed: Error in connection establishment: net::ERR_CONNECTION_REFUSED @ http://localhost:3000/_next/static/chunks/node_modules_next_dist_client_0.0dnbh._.js:14523
[  187106ms] [ERROR] WebSocket connection to 'ws://localhost:3000/_next/webpack-hmr?id=s_t_7VyCTXTUHM3mItDlN' failed: Error in connection establishment: net::ERR_CONNECTION_REFUSED @ http://localhost:3000/_next/static/chunks/node_modules_next_dist_client_0.0dnbh._.js:14523
[  188108ms] [ERROR] WebSocket connection to 'ws://localhost:3000/_next/webpack-hmr?id=s_t_7VyCTXTUHM3mItDlN' failed: Error in connection establishment: net::ERR_CONNECTION_REFUSED @ http://localhost:3000/_next/static/chunks/node_modules_next_dist_client_0.0dnbh._.js:14523
[  193111ms] [ERROR] WebSocket connection to 'ws://localhost:3000/_next/webpack-hmr?id=s_t_7VyCTXTUHM3mItDlN' failed: Error in connection establishment: net::ERR_CONNECTION_REFUSED @ http://localhost:3000/_next/static/chunks/node_modules_next_dist_client_0.0dnbh._.js:14523
[  198119ms] [ERROR] WebSocket connection to 'ws://localhost:3000/_next/webpack-hmr?id=s_t_7VyCTXTUHM3mItDlN' failed: Error in connection establishment: net::ERR_CONNECTION_REFUSED @ http://localhost:3000/_next/static/chunks/node_modules_next_dist_client_0.0dnbh._.js:14523
[  203134ms] [ERROR] WebSocket connection to 'ws://localhost:3000/_next/webpack-hmr?id=s_t_7VyCTXTUHM3mItDlN' failed: Error in connection establishment: net::ERR_CONNECTION_REFUSED @ http://localhost:3000/_next/static/chunks/node_modules_next_dist_client_0.0dnbh._.js:14523
[  208168ms] [LOG] [HMR] connected @ http://localhost:3000/_next/static/chunks/0p2._%40sentry_core_build_esm_0~r-hyv._.js:10988
[  213393ms] [LOG] [Client Instrumentation Hook] Slow execution detected: 24ms (Note: Code download overhead is not included in this measurement) @ http://localhost:3000/_next/static/chunks/0p2._%40sentry_core_build_esm_0~r-hyv._.js:10988
[  213401ms] [INFO] %cDownload the React DevTools for a better development experience: https://react.dev/link/react-devtools font-weight:bold @ http://localhost:3000/_next/static/chunks/0p2._%40sentry_core_build_esm_0~r-hyv._.js:10988
[  213433ms] [LOG] [HMR] connected @ http://localhost:3000/_next/static/chunks/0p2._%40sentry_core_build_esm_0~r-hyv._.js:10988
[  213557ms] [LOG] %c[Vercel Web Analytics]%c Debug mode is enabled by default in development. No requests will be sent to the server. color: rgb(120, 120, 120) color: inherit @ http://localhost:3000/_next/static/chunks/0p2._%40sentry_core_build_esm_0~r-hyv._.js:10988
[  213557ms] [LOG] %c[Vercel Web Analytics]%c Running queued event color: rgb(120, 120, 120) color: inherit pageview {route: /, path: /} @ http://localhost:3000/_next/static/chunks/0p2._%40sentry_core_build_esm_0~r-hyv._.js:10988
[  213557ms] [LOG] %c[Vercel Web Analytics]%c [view] http://localhost:3000/ color: rgb(120, 120, 120) color: inherit {o: http://localhost:3000/, sv: 0.1.3, sdkn: @vercel/analytics/next, sdkv: 2.0.1, ts: 1780716397263} /_vercel/insights/view @ http://localhost:3000/_next/static/chunks/0p2._%40sentry_core_build_esm_0~r-hyv._.js:10988
[  213760ms] [LOG] [Fast Refresh] rebuilding @ http://localhost:3000/_next/static/chunks/0p2._%40sentry_core_build_esm_0~r-hyv._.js:10988
[  213804ms] [LOG] [Fast Refresh] done in 152ms @ http://localhost:3000/_next/static/chunks/0p2._%40sentry_core_build_esm_0~r-hyv._.js:10988
[  216445ms] [ERROR] Failed to load resource: the server responded with a status of 503 (Service Unavailable) @ http://localhost:3000/monitoring?o=4511342777532416&p=4511405669089280&r=us:0
[  226136ms] [ERROR] WebSocket connection to 'ws://localhost:3000/_next/webpack-hmr?id=F0cQULqM9oyHOnmmulCMy' failed: Error in connection establishment: net::ERR_CONNECTION_REFUSED @ http://localhost:3000/_next/static/chunks/node_modules_next_dist_client_0.0dnbh._.js:14523
[  227136ms] [ERROR] WebSocket connection to 'ws://localhost:3000/_next/webpack-hmr?id=F0cQULqM9oyHOnmmulCMy' failed: Error in connection establishment: net::ERR_CONNECTION_REFUSED @ http://localhost:3000/_next/static/chunks/node_modules_next_dist_client_0.0dnbh._.js:14523
[  228138ms] [ERROR] WebSocket connection to 'ws://localhost:3000/_next/webpack-hmr?id=F0cQULqM9oyHOnmmulCMy' failed: Error in connection establishment: net::ERR_CONNECTION_REFUSED @ http://localhost:3000/_next/static/chunks/node_modules_next_dist_client_0.0dnbh._.js:14523
