[     361ms] [LOG] [Client Instrumentation Hook] Slow execution detected: 45ms (Note: Code download overhead is not included in this measurement) @ http://localhost:3000/_next/static/chunks/0p2._%40sentry_core_build_esm_0~r-hyv._.js:10988
[     388ms] [INFO] %cDownload the React DevTools for a better development experience: https://react.dev/link/react-devtools font-weight:bold @ http://localhost:3000/_next/static/chunks/0p2._%40sentry_core_build_esm_0~r-hyv._.js:10988
[     500ms] [LOG] [HMR] connected @ http://localhost:3000/_next/static/chunks/0p2._%40sentry_core_build_esm_0~r-hyv._.js:10988
[     805ms] [LOG] %c[Vercel Web Analytics]%c Debug mode is enabled by default in development. No requests will be sent to the server. color: rgb(120, 120, 120) color: inherit @ http://localhost:3000/_next/static/chunks/0p2._%40sentry_core_build_esm_0~r-hyv._.js:10988
[     805ms] [LOG] %c[Vercel Web Analytics]%c Running queued event color: rgb(120, 120, 120) color: inherit pageview {route: /, path: /} @ http://localhost:3000/_next/static/chunks/0p2._%40sentry_core_build_esm_0~r-hyv._.js:10988
[     805ms] [LOG] %c[Vercel Web Analytics]%c [view] http://localhost:3000/ color: rgb(120, 120, 120) color: inherit {o: http://localhost:3000/, sv: 0.1.3, sdkn: @vercel/analytics/next, sdkv: 2.0.1, ts: 1780716028816} /_vercel/insights/view @ http://localhost:3000/_next/static/chunks/0p2._%40sentry_core_build_esm_0~r-hyv._.js:10988
[     907ms] [LOG] [Fast Refresh] rebuilding @ http://localhost:3000/_next/static/chunks/0p2._%40sentry_core_build_esm_0~r-hyv._.js:10988
[     915ms] [LOG] [Fast Refresh] done in 108ms @ http://localhost:3000/_next/static/chunks/0p2._%40sentry_core_build_esm_0~r-hyv._.js:10988
[   26121ms] [LOG] [Fast Refresh] rebuilding @ http://localhost:3000/_next/static/chunks/0p2._%40sentry_core_build_esm_0~r-hyv._.js:10988
[   26845ms] [LOG] [Fast Refresh] done in 824ms @ http://localhost:3000/_next/static/chunks/0p2._%40sentry_core_build_esm_0~r-hyv._.js:10988
[   26852ms] [ERROR] Failed to load resource: the server responded with a status of 500 (Internal Server Error) @ http://localhost:3000/api/chemical-structure?name=Fasoracetam&smiles=O%3DC1CC%5BC%40%40H%5D(N1)C(%3DO)N2CCCCC2:0
[   26888ms] [ERROR] Failed to load resource: the server responded with a status of 500 (Internal Server Error) @ http://localhost:3000/api/substances/fasoracetam:0
[   26939ms] [ERROR] Failed to load resource: the server responded with a status of 500 (Internal Server Error) @ http://localhost:3000/api/substances/fasoracetam:0
[   41820ms] [ERROR] Failed to load resource: the server responded with a status of 403 (Forbidden) @ https://ip-api.com/json/?fields=status,countryCode,region:0
[   41829ms] [ERROR] Failed to load resource: the server responded with a status of 403 (Forbidden) @ https://ip-api.com/json/?fields=status,countryCode,region:0
[   93233ms] [LOG] [Client Instrumentation Hook] Slow execution detected: 23ms (Note: Code download overhead is not included in this measurement) @ http://localhost:3000/_next/static/chunks/0p2._%40sentry_core_build_esm_0~r-hyv._.js:10988
[   93237ms] [INFO] %cDownload the React DevTools for a better development experience: https://react.dev/link/react-devtools font-weight:bold @ http://localhost:3000/_next/static/chunks/0p2._%40sentry_core_build_esm_0~r-hyv._.js:10988
[   93277ms] [LOG] [HMR] connected @ http://localhost:3000/_next/static/chunks/0p2._%40sentry_core_build_esm_0~r-hyv._.js:10988
[   93495ms] [WARNING] The AudioContext was not allowed to start. It must be resumed (or created) after a user gesture on the page. https://developer.chrome.com/blog/autoplay/#web_audio @ http://localhost:3000/_next/static/chunks/src_0s4_xiw._.js:589
[   93498ms] [LOG] %c[Vercel Web Analytics]%c Debug mode is enabled by default in development. No requests will be sent to the server. color: rgb(120, 120, 120) color: inherit @ http://localhost:3000/_next/static/chunks/0p2._%40sentry_core_build_esm_0~r-hyv._.js:10988
[   93498ms] [LOG] %c[Vercel Web Analytics]%c Running queued event color: rgb(120, 120, 120) color: inherit pageview {route: /, path: /} @ http://localhost:3000/_next/static/chunks/0p2._%40sentry_core_build_esm_0~r-hyv._.js:10988
[   93499ms] [LOG] %c[Vercel Web Analytics]%c [view] http://localhost:3000/ color: rgb(120, 120, 120) color: inherit {o: http://localhost:3000/, sv: 0.1.3, sdkn: @vercel/analytics/next, sdkv: 2.0.1, ts: 1780716121509} /_vercel/insights/view @ http://localhost:3000/_next/static/chunks/0p2._%40sentry_core_build_esm_0~r-hyv._.js:10988
[  123309ms] [LOG] [Fast Refresh] rebuilding @ http://localhost:3000/_next/static/chunks/0p2._%40sentry_core_build_esm_0~r-hyv._.js:10988
[  123338ms] [LOG] [Fast Refresh] done in 130ms @ http://localhost:3000/_next/static/chunks/0p2._%40sentry_core_build_esm_0~r-hyv._.js:10988
