[     254ms] [LOG] [Client Instrumentation Hook] Slow execution detected: 20ms (Note: Code download overhead is not included in this measurement) @ http://localhost:3000/_next/static/chunks/0p2._%40sentry_core_build_esm_0~r-hyv._.js:10988
[     257ms] [INFO] %cDownload the React DevTools for a better development experience: https://react.dev/link/react-devtools font-weight:bold @ http://localhost:3000/_next/static/chunks/0p2._%40sentry_core_build_esm_0~r-hyv._.js:10988
[     290ms] [LOG] [HMR] connected @ http://localhost:3000/_next/static/chunks/0p2._%40sentry_core_build_esm_0~r-hyv._.js:10988
[     423ms] [WARNING] The AudioContext was not allowed to start. It must be resumed (or created) after a user gesture on the page. https://developer.chrome.com/blog/autoplay/#web_audio @ http://localhost:3000/_next/static/chunks/src_0s4_xiw._.js:589
[     492ms] [LOG] [Fast Refresh] rebuilding @ http://localhost:3000/_next/static/chunks/0p2._%40sentry_core_build_esm_0~r-hyv._.js:10988
[     500ms] [LOG] %c[Vercel Web Analytics]%c Debug mode is enabled by default in development. No requests will be sent to the server. color: rgb(120, 120, 120) color: inherit @ http://localhost:3000/_next/static/chunks/0p2._%40sentry_core_build_esm_0~r-hyv._.js:10988
[     500ms] [LOG] %c[Vercel Web Analytics]%c Running queued event color: rgb(120, 120, 120) color: inherit pageview {route: /, path: /} @ http://localhost:3000/_next/static/chunks/0p2._%40sentry_core_build_esm_0~r-hyv._.js:10988
[     501ms] [LOG] %c[Vercel Web Analytics]%c [view] http://localhost:3000/ color: rgb(120, 120, 120) color: inherit {o: http://localhost:3000/, sv: 0.1.3, sdkn: @vercel/analytics/next, sdkv: 2.0.1, ts: 1780716554718} /_vercel/insights/view @ http://localhost:3000/_next/static/chunks/0p2._%40sentry_core_build_esm_0~r-hyv._.js:10988
[     505ms] [LOG] [Fast Refresh] done in 127ms @ http://localhost:3000/_next/static/chunks/0p2._%40sentry_core_build_esm_0~r-hyv._.js:10988
[   26165ms] [ERROR] Failed to load resource: the server responded with a status of 403 (Forbidden) @ https://ip-api.com/json/?fields=status,countryCode,region:0
[   26173ms] [ERROR] Failed to load resource: the server responded with a status of 403 (Forbidden) @ https://ip-api.com/json/?fields=status,countryCode,region:0
[  153149ms] [LOG] [Fast Refresh] rebuilding @ http://localhost:3000/_next/static/chunks/0p2._%40sentry_core_build_esm_0~r-hyv._.js:10988
[  153187ms] [LOG] [Fast Refresh] done in 120ms @ http://localhost:3000/_next/static/chunks/0p2._%40sentry_core_build_esm_0~r-hyv._.js:10988
[  173023ms] [LOG] [Fast Refresh] rebuilding @ http://localhost:3000/_next/static/chunks/0p2._%40sentry_core_build_esm_0~r-hyv._.js:10988
[  173036ms] [LOG] [Fast Refresh] done in 106ms @ http://localhost:3000/_next/static/chunks/0p2._%40sentry_core_build_esm_0~r-hyv._.js:10988
[  208142ms] [LOG] [Fast Refresh] rebuilding @ http://localhost:3000/_next/static/chunks/0p2._%40sentry_core_build_esm_0~r-hyv._.js:10988
[  208160ms] [LOG] [Fast Refresh] done in 107ms @ http://localhost:3000/_next/static/chunks/0p2._%40sentry_core_build_esm_0~r-hyv._.js:10988
[  447325ms] [LOG] [Fast Refresh] rebuilding @ http://localhost:3000/_next/static/chunks/0p2._%40sentry_core_build_esm_0~r-hyv._.js:10988
[  447349ms] [LOG] [Fast Refresh] done in 106ms @ http://localhost:3000/_next/static/chunks/0p2._%40sentry_core_build_esm_0~r-hyv._.js:10988
[  470741ms] [LOG] [Fast Refresh] rebuilding @ http://localhost:3000/_next/static/chunks/0p2._%40sentry_core_build_esm_0~r-hyv._.js:10988
[  470756ms] [LOG] [Fast Refresh] done in 105ms @ http://localhost:3000/_next/static/chunks/0p2._%40sentry_core_build_esm_0~r-hyv._.js:10988
[  811462ms] [LOG] [Fast Refresh] rebuilding @ http://localhost:3000/_next/static/chunks/0p2._%40sentry_core_build_esm_0~r-hyv._.js:10988
[  811502ms] [ERROR] %o

%s ReferenceError: isDragging is not defined
    at SubstancePopup (http://localhost:3000/_next/static/chunks/src_1298f_f._.js?id=%255Bproject%255D%252Fsrc%252Ffeatures%252Fsubstances%252Fcomponents%252FSubstancePopup.tsx+%255Bapp-client%255D+%2528ecmascript%2529:481:49)
    at Object.react_stack_bottom_frame (http://localhost:3000/_next/static/chunks/node_modules_next_dist_compiled_react-dom_058-ah~._.js:15038:24)
    at renderWithHooks (http://localhost:3000/_next/static/chunks/node_modules_next_dist_compiled_react-dom_058-ah~._.js:4621:24)
    at updateFunctionComponent (http://localhost:3000/_next/static/chunks/node_modules_next_dist_compiled_react-dom_058-ah~._.js:6082:21)
    at beginWork (http://localhost:3000/_next/static/chunks/node_modules_next_dist_compiled_react-dom_058-ah~._.js:6692:24)
    at runWithFiberInDEV (http://localhost:3000/_next/static/chunks/node_modules_next_dist_compiled_react-dom_058-ah~._.js:966:74)
    at performUnitOfWork (http://localhost:3000/_next/static/chunks/node_modules_next_dist_compiled_react-dom_058-ah~._.js:9556:97)
    at workLoopSync (http://localhost:3000/_next/static/chunks/node_modules_next_dist_compiled_react-dom_058-ah~._.js:9450:40)
    at renderRootSync (http://localhost:3000/_next/static/chunks/node_modules_next_dist_compiled_react-dom_058-ah~._.js:9434:13)
    at performWorkOnRoot (http://localhost:3000/_next/static/chunks/node_modules_next_dist_compiled_react-dom_058-ah~._.js:9099:47)
    at performSyncWorkOnRoot (http://localhost:3000/_next/static/chunks/node_modules_next_dist_compiled_react-dom_058-ah~._.js:10264:9)
    at flushSyncWorkAcrossRoots_impl (http://localhost:3000/_next/static/chunks/node_modules_next_dist_compiled_react-dom_058-ah~._.js:10180:316)
    at flushSyncWork$1 (http://localhost:3000/_next/static/chunks/node_modules_next_dist_compiled_react-dom_058-ah~._.js:9231:86)
    at Object.scheduleRefresh (http://localhost:3000/_next/static/chunks/node_modules_next_dist_compiled_react-dom_058-ah~._.js:300:13)
    at http://localhost:3000/_next/static/chunks/node_modules_next_dist_compiled_00yae29._.js:392:33
    at Set.forEach (<anonymous>)
    at Object.performReactRefresh (http://localhost:3000/_next/static/chunks/node_modules_next_dist_compiled_00yae29._.js:385:38)
    at applyUpdate (http://localhost:3000/_next/static/chunks/node_modules_next_dist_compiled_00yae29._.js:879:31)
    at http://localhost:3000/_next/static/chunks/node_modules_next_dist_compiled_00yae29._.js:887:13 The above error occurred in the <SubstancePopup> component. It was handled by the <ErrorBoundaryHandler> error boundary. @ http://localhost:3000/_next/static/chunks/0p2._%40sentry_core_build_esm_0~r-hyv._.js:10988
[  811527ms] [LOG] [Fast Refresh] done in 97ms @ http://localhost:3000/_next/static/chunks/0p2._%40sentry_core_build_esm_0~r-hyv._.js:10988
[  816741ms] [ERROR] Failed to load resource: the server responded with a status of 429 (Too Many Requests) @ http://localhost:3000/monitoring?o=4511342777532416&p=4511405669089280&r=us:0
[  829428ms] [LOG] [Fast Refresh] rebuilding @ http://localhost:3000/_next/static/chunks/0p2._%40sentry_core_build_esm_0~r-hyv._.js:10988
[  829487ms] [LOG] [Fast Refresh] done in 98ms @ http://localhost:3000/_next/static/chunks/0p2._%40sentry_core_build_esm_0~r-hyv._.js:10988
[  871630ms] [LOG] [Fast Refresh] rebuilding @ http://localhost:3000/_next/static/chunks/0p2._%40sentry_core_build_esm_0~r-hyv._.js:10988
[  871646ms] [LOG] [Fast Refresh] done in 109ms @ http://localhost:3000/_next/static/chunks/0p2._%40sentry_core_build_esm_0~r-hyv._.js:10988
[  905497ms] [LOG] [Fast Refresh] rebuilding @ http://localhost:3000/_next/static/chunks/0p2._%40sentry_core_build_esm_0~r-hyv._.js:10988
[  905513ms] [LOG] [Fast Refresh] done in 96ms @ http://localhost:3000/_next/static/chunks/0p2._%40sentry_core_build_esm_0~r-hyv._.js:10988
[ 1056704ms] [LOG] [Fast Refresh] rebuilding @ http://localhost:3000/_next/static/chunks/0p2._%40sentry_core_build_esm_0~r-hyv._.js:10988
[ 1056728ms] [LOG] [Fast Refresh] done in 75ms @ http://localhost:3000/_next/static/chunks/0p2._%40sentry_core_build_esm_0~r-hyv._.js:10988
[ 1156075ms] [LOG] [Fast Refresh] rebuilding @ http://localhost:3000/_next/static/chunks/0p2._%40sentry_core_build_esm_0~r-hyv._.js:10988
[ 1156089ms] [LOG] [Fast Refresh] done in 99ms @ http://localhost:3000/_next/static/chunks/0p2._%40sentry_core_build_esm_0~r-hyv._.js:10988
