[     118ms] [LOG] [Fast Refresh] rebuilding @ http://localhost:3000/_next/static/chunks/0p2._%40sentry_core_build_esm_0~r-hyv._.js:10988
[     157ms] [LOG] [Fast Refresh] done in 140ms @ http://localhost:3000/_next/static/chunks/0p2._%40sentry_core_build_esm_0~r-hyv._.js:10988
[     255ms] [ERROR] Error: <path> attribute d: Expected path command, "…3H9m1.5-12H5.625g1.125 1.125 0 0…". @ http://localhost:3000/substances/lsd:0
[     450ms] [INFO] %cDownload the React DevTools for a better development experience: https://react.dev/link/react-devtools font-weight:bold @ http://localhost:3000/_next/static/chunks/0p2._%40sentry_core_build_esm_0~r-hyv._.js:10988
[     526ms] [LOG] [HMR] connected @ http://localhost:3000/_next/static/chunks/0p2._%40sentry_core_build_esm_0~r-hyv._.js:10988
[     662ms] [WARNING] The AudioContext was not allowed to start. It must be resumed (or created) after a user gesture on the page. https://developer.chrome.com/blog/autoplay/#web_audio @ http://localhost:3000/_next/static/chunks/src_0s4_xiw._.js:589
[     699ms] [LOG] %c[Vercel Web Analytics]%c Debug mode is enabled by default in development. No requests will be sent to the server. color: rgb(120, 120, 120) color: inherit @ http://localhost:3000/_next/static/chunks/0p2._%40sentry_core_build_esm_0~r-hyv._.js:10988
[     700ms] [LOG] %c[Vercel Web Analytics]%c Running queued event color: rgb(120, 120, 120) color: inherit pageview {route: /substances/[slug], path: /substances/lsd} @ http://localhost:3000/_next/static/chunks/0p2._%40sentry_core_build_esm_0~r-hyv._.js:10988
[     700ms] [LOG] %c[Vercel Web Analytics]%c [view] http://localhost:3000/substances/lsd color: rgb(120, 120, 120) color: inherit {o: http://localhost:3000/substances/lsd, sv: 0.1.3, sdkn: @vercel/analytics/next, sdkv: 2.0.1, ts: 1780720010671} /_vercel/insights/view @ http://localhost:3000/_next/static/chunks/0p2._%40sentry_core_build_esm_0~r-hyv._.js:10988
[   25204ms] [ERROR] Failed to load resource: the server responded with a status of 403 (Forbidden) @ https://ip-api.com/json/?fields=status,countryCode,region:0
[   25225ms] [ERROR] Failed to load resource: the server responded with a status of 403 (Forbidden) @ https://ip-api.com/json/?fields=status,countryCode,region:0
[   63426ms] [ERROR] Each child in a list should have a unique "key" prop.%s%s See https://react.dev/link/warning-keys for more information. 

Check the render method of `StateFlagSvg`.  @ http://localhost:3000/_next/static/chunks/0p2._%40sentry_core_build_esm_0~r-hyv._.js:10988
[  101423ms] [LOG] [Fast Refresh] rebuilding @ http://localhost:3000/_next/static/chunks/0p2._%40sentry_core_build_esm_0~r-hyv._.js:10988
[  101426ms] [LOG] [Fast Refresh] done in 105ms @ http://localhost:3000/_next/static/chunks/0p2._%40sentry_core_build_esm_0~r-hyv._.js:10988
[  144250ms] [LOG] [Fast Refresh] rebuilding @ http://localhost:3000/_next/static/chunks/0p2._%40sentry_core_build_esm_0~r-hyv._.js:10988
[  144253ms] [LOG] [Fast Refresh] done in 105ms @ http://localhost:3000/_next/static/chunks/0p2._%40sentry_core_build_esm_0~r-hyv._.js:10988
[  166840ms] [LOG] [Client Instrumentation Hook] Slow execution detected: 25ms (Note: Code download overhead is not included in this measurement) @ http://localhost:3000/_next/static/chunks/0p2._%40sentry_core_build_esm_0~r-hyv._.js:10988
[  166844ms] [INFO] %cDownload the React DevTools for a better development experience: https://react.dev/link/react-devtools font-weight:bold @ http://localhost:3000/_next/static/chunks/0p2._%40sentry_core_build_esm_0~r-hyv._.js:10988
[  166890ms] [LOG] [HMR] connected @ http://localhost:3000/_next/static/chunks/0p2._%40sentry_core_build_esm_0~r-hyv._.js:10988
[  167064ms] [WARNING] The AudioContext was not allowed to start. It must be resumed (or created) after a user gesture on the page. https://developer.chrome.com/blog/autoplay/#web_audio @ http://localhost:3000/_next/static/chunks/src_0s4_xiw._.js:589
[  167125ms] [LOG] %c[Vercel Web Analytics]%c Debug mode is enabled by default in development. No requests will be sent to the server. color: rgb(120, 120, 120) color: inherit @ http://localhost:3000/_next/static/chunks/0p2._%40sentry_core_build_esm_0~r-hyv._.js:10988
[  167125ms] [LOG] %c[Vercel Web Analytics]%c Running queued event color: rgb(120, 120, 120) color: inherit pageview {route: /, path: /} @ http://localhost:3000/_next/static/chunks/0p2._%40sentry_core_build_esm_0~r-hyv._.js:10988
[  167125ms] [LOG] %c[Vercel Web Analytics]%c [view] http://localhost:3000/ color: rgb(120, 120, 120) color: inherit {o: http://localhost:3000/, sv: 0.1.3, sdkn: @vercel/analytics/next, sdkv: 2.0.1, ts: 1780720177096} /_vercel/insights/view @ http://localhost:3000/_next/static/chunks/0p2._%40sentry_core_build_esm_0~r-hyv._.js:10988
[  238119ms] [LOG] [Fast Refresh] rebuilding @ http://localhost:3000/_next/static/chunks/0p2._%40sentry_core_build_esm_0~r-hyv._.js:10988
[  238185ms] [LOG] [Fast Refresh] done in 166ms @ http://localhost:3000/_next/static/chunks/0p2._%40sentry_core_build_esm_0~r-hyv._.js:10988
[  238289ms] [ERROR] Error: <path> attribute d: Expected path command, "…3H9m1.5-12H5.625g1.125 1.125 0 0…". @ http://localhost:3000/substances/mdma:0
[  238455ms] [LOG] [Client Instrumentation Hook] Slow execution detected: 20ms (Note: Code download overhead is not included in this measurement) @ http://localhost:3000/_next/static/chunks/0p2._%40sentry_core_build_esm_0~r-hyv._.js:10988
[  238459ms] [INFO] %cDownload the React DevTools for a better development experience: https://react.dev/link/react-devtools font-weight:bold @ http://localhost:3000/_next/static/chunks/0p2._%40sentry_core_build_esm_0~r-hyv._.js:10988
[  238504ms] [LOG] [HMR] connected @ http://localhost:3000/_next/static/chunks/0p2._%40sentry_core_build_esm_0~r-hyv._.js:10988
[  238624ms] [WARNING] The AudioContext was not allowed to start. It must be resumed (or created) after a user gesture on the page. https://developer.chrome.com/blog/autoplay/#web_audio @ http://localhost:3000/_next/static/chunks/src_0s4_xiw._.js:589
[  238629ms] [LOG] %c[Vercel Web Analytics]%c Debug mode is enabled by default in development. No requests will be sent to the server. color: rgb(120, 120, 120) color: inherit @ http://localhost:3000/_next/static/chunks/0p2._%40sentry_core_build_esm_0~r-hyv._.js:10988
[  238629ms] [LOG] %c[Vercel Web Analytics]%c Running queued event color: rgb(120, 120, 120) color: inherit pageview {route: /substances/[slug], path: /substances/mdma} @ http://localhost:3000/_next/static/chunks/0p2._%40sentry_core_build_esm_0~r-hyv._.js:10988
[  238629ms] [LOG] %c[Vercel Web Analytics]%c [view] http://localhost:3000/substances/mdma color: rgb(120, 120, 120) color: inherit {o: http://localhost:3000/substances/mdma, sv: 0.1.3, sdkn: @vercel/analytics/next, sdkv: 2.0.1, ts: 1780720248601} /_vercel/insights/view @ http://localhost:3000/_next/static/chunks/0p2._%40sentry_core_build_esm_0~r-hyv._.js:10988
[  240796ms] [ERROR] Failed to load resource: the server responded with a status of 403 (Forbidden) @ https://ip-api.com/json/?fields=status,countryCode,region:0
[  240805ms] [ERROR] Failed to load resource: the server responded with a status of 403 (Forbidden) @ https://ip-api.com/json/?fields=status,countryCode,region:0
[  286451ms] [LOG] [Client Instrumentation Hook] Slow execution detected: 22ms (Note: Code download overhead is not included in this measurement) @ http://localhost:3000/_next/static/chunks/0p2._%40sentry_core_build_esm_0~r-hyv._.js:10988
[  286455ms] [INFO] %cDownload the React DevTools for a better development experience: https://react.dev/link/react-devtools font-weight:bold @ http://localhost:3000/_next/static/chunks/0p2._%40sentry_core_build_esm_0~r-hyv._.js:10988
[  286494ms] [LOG] [HMR] connected @ http://localhost:3000/_next/static/chunks/0p2._%40sentry_core_build_esm_0~r-hyv._.js:10988
[  286651ms] [WARNING] The AudioContext was not allowed to start. It must be resumed (or created) after a user gesture on the page. https://developer.chrome.com/blog/autoplay/#web_audio @ http://localhost:3000/_next/static/chunks/src_0s4_xiw._.js:589
[  286703ms] [LOG] %c[Vercel Web Analytics]%c Debug mode is enabled by default in development. No requests will be sent to the server. color: rgb(120, 120, 120) color: inherit @ http://localhost:3000/_next/static/chunks/0p2._%40sentry_core_build_esm_0~r-hyv._.js:10988
[  286703ms] [LOG] %c[Vercel Web Analytics]%c Running queued event color: rgb(120, 120, 120) color: inherit pageview {route: /, path: /} @ http://localhost:3000/_next/static/chunks/0p2._%40sentry_core_build_esm_0~r-hyv._.js:10988
[  286703ms] [LOG] %c[Vercel Web Analytics]%c [view] http://localhost:3000/ color: rgb(120, 120, 120) color: inherit {o: http://localhost:3000/, sv: 0.1.3, sdkn: @vercel/analytics/next, sdkv: 2.0.1, ts: 1780720296674} /_vercel/insights/view @ http://localhost:3000/_next/static/chunks/0p2._%40sentry_core_build_esm_0~r-hyv._.js:10988
[  355890ms] [LOG] [Fast Refresh] rebuilding @ http://localhost:3000/_next/static/chunks/0p2._%40sentry_core_build_esm_0~r-hyv._.js:10988
[  355907ms] [LOG] [Fast Refresh] done in 118ms @ http://localhost:3000/_next/static/chunks/0p2._%40sentry_core_build_esm_0~r-hyv._.js:10988
[ 1349024ms] [LOG] [Fast Refresh] rebuilding @ http://localhost:3000/_next/static/chunks/0p2._%40sentry_core_build_esm_0~r-hyv._.js:10988
[ 1349036ms] [LOG] [Fast Refresh] done in 107ms @ http://localhost:3000/_next/static/chunks/0p2._%40sentry_core_build_esm_0~r-hyv._.js:10988
[ 1586808ms] [LOG] [Fast Refresh] rebuilding @ http://localhost:3000/_next/static/chunks/0p2._%40sentry_core_build_esm_0~r-hyv._.js:10988
[ 1586826ms] [LOG] [Fast Refresh] done in 104ms @ http://localhost:3000/_next/static/chunks/0p2._%40sentry_core_build_esm_0~r-hyv._.js:10988
